生成启动时间为 2016-7-26 13:54:27。
     1>项目“D:\新建文件夹 (2)\DAY1\calculator\calculator\calculator.vcxproj”在节点 2 上(build 个目标)。
     1>InitializeBuildStatus:
         正在创建“Debug\calculator.unsuccessfulbuild”，因为已指定“AlwaysCreate”。
       ClCompile:
         c:\Program Files\Microsoft Visual Studio 10.0\VC\bin\CL.exe /c /ZI /nologo /W3 /WX- /Od /Oy- /D WIN32 /D _WINDOWS /D _DEBUG /D _UNICODE /D UNICODE /D _AFXDLL /Gm /EHsc /RTC1 /MDd /GS /fp:precise /Zc:wchar_t /Zc:forScope /Yc"StdAfx.h" /Fp"Debug\calculator.pch" /Fo"Debug\\" /Fd"Debug\vc100.pdb" /Gd /TP /analyze- /errorReport:prompt stdafx.cpp
         stdafx.cpp
         c:\Program Files\Microsoft Visual Studio 10.0\VC\bin\CL.exe /c /ZI /nologo /W3 /WX- /Od /Oy- /D WIN32 /D _WINDOWS /D _DEBUG /D _UNICODE /D UNICODE /D _AFXDLL /Gm /EHsc /RTC1 /MDd /GS /fp:precise /Zc:wchar_t /Zc:forScope /Yu"StdAfx.h" /Fp"Debug\calculator.pch" /Fo"Debug\\" /Fd"Debug\vc100.pdb" /Gd /TP /analyze- /errorReport:prompt calculator.cpp calculatorDlg.cpp
         calculatorDlg.cpp
         calculator.cpp
         正在生成代码...
       ResourceCompile:
         c:\Program Files\Microsoft SDKs\Windows\v7.0A\bin\rc.exe /D _DEBUG /D _UNICODE /D UNICODE /D _AFXDLL /l"0x0804" /IDebug\ /nologo /fo"Debug\calculator.res" calculator.rc 
       ManifestResourceCompile:
         c:\Program Files\Microsoft SDKs\Windows\v7.0A\bin\rc.exe /nologo /fo"Debug\calculator.exe.embed.manifest.res" Debug\calculator_manifest.rc 
       Link:
         c:\Program Files\Microsoft Visual Studio 10.0\VC\bin\link.exe /ERRORREPORT:PROMPT /OUT:"D:\新建文件夹 (2)\DAY1\calculator\Debug\calculator.exe" /INCREMENTAL /NOLOGO /MANIFEST /ManifestFile:"Debug\calculator.exe.intermediate.manifest" /MANIFESTUAC:"level='asInvoker' uiAccess='false'" /DEBUG /PDB:"D:\新建文件夹 (2)\DAY1\calculator\Debug\calculator.pdb" /SUBSYSTEM:WINDOWS /TLBID:1 /ENTRY:"wWinMainCRTStartup" /DYNAMICBASE /NXCOMPAT /IMPLIB:"D:\新建文件夹 (2)\DAY1\calculator\Debug\calculator.lib" /MACHINE:X86 Debug\calculator.res
         Debug\calculator.exe.embed.manifest.res
         Debug\calculator.obj
         Debug\calculatorDlg.obj
         Debug\stdafx.obj
       Manifest:
         c:\Program Files\Microsoft SDKs\Windows\v7.0A\bin\mt.exe /nologo /verbose /out:"Debug\calculator.exe.embed.manifest" /manifest Debug\calculator.exe.intermediate.manifest "c:\Program Files\Microsoft Visual Studio 10.0\VC\Include\Manifest\dpiaware.manifest"
         所有输出均为最新。
       LinkEmbedManifest:
         所有输出均为最新。
         calculator.vcxproj -> D:\新建文件夹 (2)\DAY1\calculator\Debug\calculator.exe
       FinalizeBuildStatus:
         正在删除文件“Debug\calculator.unsuccessfulbuild”。
         正在对“Debug\calculator.lastbuildstate”执行 Touch 任务。
     1>已完成生成项目“D:\新建文件夹 (2)\DAY1\calculator\calculator\calculator.vcxproj”(build 个目标)的操作。

生成成功。

已用时间 00:00:07.25
